Info: Starting: Create block symbol file (.bsf)
Info: ip-generate --project-directory=/home/dhola/Mastrer_Thesis/MULTICORE/ --output-directory=/home/dhola/Mastrer_Thesis/MULTICORE/MULTICORE_SOBEL/ --report-file=bsf:/home/dhola/Mastrer_Thesis/MULTICORE/MULTICORE_SOBEL.bsf --system-info=DEVICE_FAMILY="Cyclone IV E" --system-info=DEVICE=EP4CE115F29C7 --system-info=DEVICE_SPEEDGRADE=7 --component-file=/home/dhola/Mastrer_Thesis/MULTICORE/MULTICORE_SOBEL.qsys
Progress: Loading MULTICORE/MULTICORE_SOBEL.qsys
Progress: Reading input file
Progress: Adding clk_0 [clock_source 12.1]
Progress: Parameterizing module clk_0
Progress: Adding sdram_0 [altera_avalon_new_sdram_controller 12.1]
Progress: Parameterizing module sdram_0
Progress: Adding cpu_0 [altera_nios2_qsys 12.1]
Progress: Parameterizing module cpu_0
Progress: Adding jtag_uart_0 [altera_avalon_jtag_uart 12.1]
Progress: Parameterizing module jtag_uart_0
Progress: Adding switches [altera_avalon_pio 12.1]
Progress: Parameterizing module switches
Progress: Adding LEDS [altera_avalon_pio 12.1]
Progress: Parameterizing module LEDS
Progress: Building connections
Progress: Parameterizing connections
Progress: Validating
Progress: Done reading input file
Info: MULTICORE_SOBEL.switches: PIO inputs are not hardwired in test bench. Undefined values will be read from PIO inputs during simulation.
Info: ip-generate succeeded.
Info: Finished: Create block symbol file (.bsf)
Info: 
Info: Starting: Create HDL design files for synthesis
Info: ip-generate --project-directory=/home/dhola/Mastrer_Thesis/MULTICORE/ --output-directory=/home/dhola/Mastrer_Thesis/MULTICORE/MULTICORE_SOBEL/synthesis/ --file-set=QUARTUS_SYNTH --report-file=sopcinfo:/home/dhola/Mastrer_Thesis/MULTICORE/MULTICORE_SOBEL.sopcinfo --report-file=html:/home/dhola/Mastrer_Thesis/MULTICORE/MULTICORE_SOBEL.html --report-file=qip:/home/dhola/Mastrer_Thesis/MULTICORE/MULTICORE_SOBEL/synthesis/MULTICORE_SOBEL.qip --report-file=cmp:/home/dhola/Mastrer_Thesis/MULTICORE/MULTICORE_SOBEL.cmp --system-info=DEVICE_FAMILY="Cyclone IV E" --system-info=DEVICE=EP4CE115F29C7 --system-info=DEVICE_SPEEDGRADE=7 --component-file=/home/dhola/Mastrer_Thesis/MULTICORE/MULTICORE_SOBEL.qsys
Progress: Loading MULTICORE/MULTICORE_SOBEL.qsys
Progress: Reading input file
Progress: Adding clk_0 [clock_source 12.1]
Progress: Parameterizing module clk_0
Progress: Adding sdram_0 [altera_avalon_new_sdram_controller 12.1]
Progress: Parameterizing module sdram_0
Progress: Adding cpu_0 [altera_nios2_qsys 12.1]
Progress: Parameterizing module cpu_0
Progress: Adding jtag_uart_0 [altera_avalon_jtag_uart 12.1]
Progress: Parameterizing module jtag_uart_0
Progress: Adding switches [altera_avalon_pio 12.1]
Progress: Parameterizing module switches
Progress: Adding LEDS [altera_avalon_pio 12.1]
Progress: Parameterizing module LEDS
Progress: Building connections
Progress: Parameterizing connections
Progress: Validating
Progress: Done reading input file
Info: MULTICORE_SOBEL.switches: PIO inputs are not hardwired in test bench. Undefined values will be read from PIO inputs during simulation.
Info: MULTICORE_SOBEL: Generating MULTICORE_SOBEL "MULTICORE_SOBEL" for QUARTUS_SYNTH
Info: pipeline_bridge_swap_transform: After transform: 6 modules, 18 connections
Info: No custom instruction connections, skipping transform 
Info: merlin_translator_transform: After transform: 13 modules, 39 connections
Info: merlin_domain_transform: After transform: 26 modules, 106 connections
Info: merlin_router_transform: After transform: 33 modules, 127 connections
Info: reset_adaptation_transform: After transform: 34 modules, 129 connections
Info: merlin_network_to_switch_transform: After transform: 47 modules, 157 connections
Info: merlin_interrupt_mapper_transform: After transform: 48 modules, 160 connections
Info: Starting classic module elaboration.
"/Software/altera/12.1/quartus/linux/jre/bin/java" -Xmx512M -classpath "/Software/altera/12.1/quartus/sopc_builder/bin/sopc_builder.jar:/Software/altera/12.1/quartus/sopc_builder/bin/PinAssigner.jar:/Software/altera/12.1/quartus/sopc_builder/bin/sopc_wizard.jar:/Software/altera/12.1/quartus/sopc_builder/bin/jptf.jar" sopc_builder.sopc_builder  -d"/Software/altera/12.1/quartus/sopc_builder" -notalkback=1 -projectnameyysystem.qpf -projectpath/tmp/alt7087_1630823252021089974.dir/0001_sopclgen  --no_splash --refresh /tmp/alt7087_1630823252021089974.dir/0001_sopclgen/yysystem.v --quartus_dir="/Software/altera/12.1/quartus" --sopc_perl="/Software/altera/12.1/quartus/linux/perl" --sopc_lib_path="++/Software/altera/12.1/quartus/../ip/altera/sopc_builder_ip+/Software/altera/12.1/quartus/../ip/altera/nios2_ip"
Info: Finished elaborating classic module.
Executing: /Software/altera/12.1/quartus//sopc_builder/bin/sopc_builder --classic --generate /tmp/alt7087_1630823252021089974.dir/0001_sopclgen/yysystem.ptf
Info: Running sopc_builder...
"/Software/altera/12.1/quartus//linux/jre/bin/java" -Xmx512M -classpath "/Software/altera/12.1/quartus//sopc_builder/bin/sopc_builder.jar:/Software/altera/12.1/quartus//sopc_builder/bin/PinAssigner.jar:/Software/altera/12.1/quartus//sopc_builder/bin/sopc_wizard.jar:/Software/altera/12.1/quartus//sopc_builder/bin/jptf.jar" sopc_builder.sopc_builder  -d"/Software/altera/12.1/quartus//sopc_builder" -notalkback=1 -projectnameyysystem.qpf -projectpath/tmp/alt7087_1630823252021089974.dir/0001_sopclgen  --generate /tmp/alt7087_1630823252021089974.dir/0001_sopclgen/yysystem.v --quartus_dir="/Software/altera/12.1/quartus/" --sopc_perl="/Software/altera/12.1/quartus//linux/perl" --sopc_lib_path="++/Software/altera/12.1/quartus//../ip/altera/sopc_builder_ip+/Software/altera/12.1/quartus//../ip/altera/nios2_ip"
.
.
# 2016.10.13 15:58:08 (*) Running Test Generator Program for MULTICORE_SOBEL_sdram_0
# 2016.10.13 15:58:09 (*) Success: sopc_builder finished.
Info: sdram_0: "MULTICORE_SOBEL" instantiated altera_avalon_new_sdram_controller "sdram_0"
Info: cpu_0: Starting RTL generation for module 'MULTICORE_SOBEL_cpu_0'
Info: cpu_0:   Generation command is [exec /Software/altera/12.1/quartus/../ip/altera/nios2_ip/altera_nios2/eperl -I /Software/altera/12.1/quartus/common/ip/altera/common/perl/5.8.3 -I /Software/altera/12.1/quartus/sopc_builder/bin/europa -I /Software/altera/12.1/quartus/sopc_builder/bin/perl_lib -I /Software/altera/12.1/quartus/sopc_builder/bin -I /Software/altera/12.1/quartus/../ip/altera/nios2_ip/altera_nios2/cpu_lib -I /Software/altera/12.1/quartus/../ip/altera/nios2_ip/altera_nios2/nios_lib -I /Software/altera/12.1/quartus/../ip/altera/nios2_ip/altera_nios2 -I /Software/altera/12.1/quartus/../ip/altera/nios2_ip/altera_nios2 -- /Software/altera/12.1/quartus/../ip/altera/nios2_ip/altera_nios2/generate_rtl.epl --name=MULTICORE_SOBEL_cpu_0 --dir=/tmp/alt7087_1630823252021089974.dir/0002_cpu_0_gen/ --quartus_dir=/Software/altera/12.1/quartus --verilog --config=/tmp/alt7087_1630823252021089974.dir/0002_cpu_0_gen//MULTICORE_SOBEL_cpu_0_processor_configuration.pl  --do_build_sim=0    --bogus  ]
Info: cpu_0: # 2016.10.13 15:58:11 (*) Starting Nios II generation
Info: cpu_0: # 2016.10.13 15:58:11 (*)   Checking for plaintext license.
Info: cpu_0: # 2016.10.13 15:58:13 (*)   Couldn't query license setup in Quartus directory /Software/altera/12.1/quartus
Info: cpu_0: # 2016.10.13 15:58:13 (*)   Defaulting to contents of LM_LICENSE_FILE environment variable
Info: cpu_0: # 2016.10.13 15:58:13 (*)   Plaintext license not found.
Info: cpu_0: # 2016.10.13 15:58:13 (*)   No license required to generate encrypted Nios II/e.
Info: cpu_0: # 2016.10.13 15:58:13 (*)   Elaborating CPU configuration settings
Info: cpu_0: # 2016.10.13 15:58:13 (*)   Creating all objects for CPU
Info: cpu_0: # 2016.10.13 15:58:14 (*)   Generating RTL from CPU objects
Info: cpu_0: # 2016.10.13 15:58:14 (*)   Creating plain-text RTL
Info: cpu_0: # 2016.10.13 15:58:17 (*) Done Nios II generation
Info: cpu_0: Done RTL generation for module 'MULTICORE_SOBEL_cpu_0'
Info: cpu_0: "MULTICORE_SOBEL" instantiated altera_nios2_qsys "cpu_0"
Info: Starting classic module elaboration.
"/Software/altera/12.1/quartus/linux/jre/bin/java" -Xmx512M -classpath "/Software/altera/12.1/quartus/sopc_builder/bin/sopc_builder.jar:/Software/altera/12.1/quartus/sopc_builder/bin/PinAssigner.jar:/Software/altera/12.1/quartus/sopc_builder/bin/sopc_wizard.jar:/Software/altera/12.1/quartus/sopc_builder/bin/jptf.jar" sopc_builder.sopc_builder  -d"/Software/altera/12.1/quartus/sopc_builder" -notalkback=1 -projectnameyysystem.qpf -projectpath/tmp/alt7087_1630823252021089974.dir/0003_sopclgen  --no_splash --refresh /tmp/alt7087_1630823252021089974.dir/0003_sopclgen/yysystem.v --quartus_dir="/Software/altera/12.1/quartus" --sopc_perl="/Software/altera/12.1/quartus/linux/perl" --sopc_lib_path="++/Software/altera/12.1/quartus/../ip/altera/sopc_builder_ip+/Software/altera/12.1/quartus/../ip/altera/nios2_ip"
Info: Finished elaborating classic module.
Executing: /Software/altera/12.1/quartus//sopc_builder/bin/sopc_builder --classic --generate /tmp/alt7087_1630823252021089974.dir/0003_sopclgen/yysystem.ptf
Info: Running sopc_builder...
"/Software/altera/12.1/quartus//linux/jre/bin/java" -Xmx512M -classpath "/Software/altera/12.1/quartus//sopc_builder/bin/sopc_builder.jar:/Software/altera/12.1/quartus//sopc_builder/bin/PinAssigner.jar:/Software/altera/12.1/quartus//sopc_builder/bin/sopc_wizard.jar:/Software/altera/12.1/quartus//sopc_builder/bin/jptf.jar" sopc_builder.sopc_builder  -d"/Software/altera/12.1/quartus//sopc_builder" -notalkback=1 -projectnameyysystem.qpf -projectpath/tmp/alt7087_1630823252021089974.dir/0003_sopclgen  --generate /tmp/alt7087_1630823252021089974.dir/0003_sopclgen/yysystem.v --quartus_dir="/Software/altera/12.1/quartus/" --sopc_perl="/Software/altera/12.1/quartus//linux/perl" --sopc_lib_path="++/Software/altera/12.1/quartus//../ip/altera/sopc_builder_ip+/Software/altera/12.1/quartus//../ip/altera/nios2_ip"
.
# 2016.10.13 15:58:22 (*) Success: sopc_builder finished.
Info: jtag_uart_0: "MULTICORE_SOBEL" instantiated altera_avalon_jtag_uart "jtag_uart_0"
Info: Starting classic module elaboration.
"/Software/altera/12.1/quartus/linux/jre/bin/java" -Xmx512M -classpath "/Software/altera/12.1/quartus/sopc_builder/bin/sopc_builder.jar:/Software/altera/12.1/quartus/sopc_builder/bin/PinAssigner.jar:/Software/altera/12.1/quartus/sopc_builder/bin/sopc_wizard.jar:/Software/altera/12.1/quartus/sopc_builder/bin/jptf.jar" sopc_builder.sopc_builder  -d"/Software/altera/12.1/quartus/sopc_builder" -notalkback=1 -projectnameyysystem.qpf -projectpath/tmp/alt7087_1630823252021089974.dir/0004_sopclgen  --no_splash --refresh /tmp/alt7087_1630823252021089974.dir/0004_sopclgen/yysystem.v --quartus_dir="/Software/altera/12.1/quartus" --sopc_perl="/Software/altera/12.1/quartus/linux/perl" --sopc_lib_path="++/Software/altera/12.1/quartus/../ip/altera/sopc_builder_ip+/Software/altera/12.1/quartus/../ip/altera/nios2_ip"
Info: Finished elaborating classic module.
Executing: /Software/altera/12.1/quartus//sopc_builder/bin/sopc_builder --classic --generate /tmp/alt7087_1630823252021089974.dir/0004_sopclgen/yysystem.ptf
Info: Running sopc_builder...
"/Software/altera/12.1/quartus//linux/jre/bin/java" -Xmx512M -classpath "/Software/altera/12.1/quartus//sopc_builder/bin/sopc_builder.jar:/Software/altera/12.1/quartus//sopc_builder/bin/PinAssigner.jar:/Software/altera/12.1/quartus//sopc_builder/bin/sopc_wizard.jar:/Software/altera/12.1/quartus//sopc_builder/bin/jptf.jar" sopc_builder.sopc_builder  -d"/Software/altera/12.1/quartus//sopc_builder" -notalkback=1 -projectnameyysystem.qpf -projectpath/tmp/alt7087_1630823252021089974.dir/0004_sopclgen  --generate /tmp/alt7087_1630823252021089974.dir/0004_sopclgen/yysystem.v --quartus_dir="/Software/altera/12.1/quartus/" --sopc_perl="/Software/altera/12.1/quartus//linux/perl" --sopc_lib_path="++/Software/altera/12.1/quartus//../ip/altera/sopc_builder_ip+/Software/altera/12.1/quartus//../ip/altera/nios2_ip"
.
# 2016.10.13 15:58:27 (*) Success: sopc_builder finished.
Info: switches: "MULTICORE_SOBEL" instantiated altera_avalon_pio "switches"
Info: Starting classic module elaboration.
"/Software/altera/12.1/quartus/linux/jre/bin/java" -Xmx512M -classpath "/Software/altera/12.1/quartus/sopc_builder/bin/sopc_builder.jar:/Software/altera/12.1/quartus/sopc_builder/bin/PinAssigner.jar:/Software/altera/12.1/quartus/sopc_builder/bin/sopc_wizard.jar:/Software/altera/12.1/quartus/sopc_builder/bin/jptf.jar" sopc_builder.sopc_builder  -d"/Software/altera/12.1/quartus/sopc_builder" -notalkback=1 -projectnameyysystem.qpf -projectpath/tmp/alt7087_1630823252021089974.dir/0005_sopclgen  --no_splash --refresh /tmp/alt7087_1630823252021089974.dir/0005_sopclgen/yysystem.v --quartus_dir="/Software/altera/12.1/quartus" --sopc_perl="/Software/altera/12.1/quartus/linux/perl" --sopc_lib_path="++/Software/altera/12.1/quartus/../ip/altera/sopc_builder_ip+/Software/altera/12.1/quartus/../ip/altera/nios2_ip"
Info: Finished elaborating classic module.
Executing: /Software/altera/12.1/quartus//sopc_builder/bin/sopc_builder --classic --generate /tmp/alt7087_1630823252021089974.dir/0005_sopclgen/yysystem.ptf
Info: Running sopc_builder...
"/Software/altera/12.1/quartus//linux/jre/bin/java" -Xmx512M -classpath "/Software/altera/12.1/quartus//sopc_builder/bin/sopc_builder.jar:/Software/altera/12.1/quartus//sopc_builder/bin/PinAssigner.jar:/Software/altera/12.1/quartus//sopc_builder/bin/sopc_wizard.jar:/Software/altera/12.1/quartus//sopc_builder/bin/jptf.jar" sopc_builder.sopc_builder  -d"/Software/altera/12.1/quartus//sopc_builder" -notalkback=1 -projectnameyysystem.qpf -projectpath/tmp/alt7087_1630823252021089974.dir/0005_sopclgen  --generate /tmp/alt7087_1630823252021089974.dir/0005_sopclgen/yysystem.v --quartus_dir="/Software/altera/12.1/quartus/" --sopc_perl="/Software/altera/12.1/quartus//linux/perl" --sopc_lib_path="++/Software/altera/12.1/quartus//../ip/altera/sopc_builder_ip+/Software/altera/12.1/quartus//../ip/altera/nios2_ip"
.
# 2016.10.13 15:58:32 (*) Success: sopc_builder finished.
Info: LEDS: "MULTICORE_SOBEL" instantiated altera_avalon_pio "LEDS"
Info: cpu_0_instruction_master_translator: "MULTICORE_SOBEL" instantiated altera_merlin_master_translator "cpu_0_instruction_master_translator"
Info: cpu_0_jtag_debug_module_translator: "MULTICORE_SOBEL" instantiated altera_merlin_slave_translator "cpu_0_jtag_debug_module_translator"
Info: cpu_0_instruction_master_translator_avalon_universal_master_0_agent: "MULTICORE_SOBEL" instantiated altera_merlin_master_agent "cpu_0_instruction_master_translator_avalon_universal_master_0_agent"
Info: cpu_0_jtag_debug_module_translator_avalon_universal_slave_0_agent: "MULTICORE_SOBEL" instantiated altera_merlin_slave_agent "cpu_0_jtag_debug_module_translator_avalon_universal_slave_0_agent"
Info: cpu_0_jtag_debug_module_translator_avalon_universal_slave_0_agent_rsp_fifo: "MULTICORE_SOBEL" instantiated altera_avalon_sc_fifo "cpu_0_jtag_debug_module_translator_avalon_universal_slave_0_agent_rsp_fifo"
Info: addr_router: "MULTICORE_SOBEL" instantiated altera_merlin_router "addr_router"
Info: addr_router_001: "MULTICORE_SOBEL" instantiated altera_merlin_router "addr_router_001"
Info: id_router: "MULTICORE_SOBEL" instantiated altera_merlin_router "id_router"
Info: id_router_002: "MULTICORE_SOBEL" instantiated altera_merlin_router "id_router_002"
Info: rst_controller: "MULTICORE_SOBEL" instantiated altera_reset_controller "rst_controller"
Info: cmd_xbar_demux: "MULTICORE_SOBEL" instantiated altera_merlin_demultiplexer "cmd_xbar_demux"
Info: cmd_xbar_demux_001: "MULTICORE_SOBEL" instantiated altera_merlin_demultiplexer "cmd_xbar_demux_001"
Info: cmd_xbar_mux: "MULTICORE_SOBEL" instantiated altera_merlin_multiplexer "cmd_xbar_mux"
Info: rsp_xbar_demux_002: "MULTICORE_SOBEL" instantiated altera_merlin_demultiplexer "rsp_xbar_demux_002"
Info: rsp_xbar_mux: "MULTICORE_SOBEL" instantiated altera_merlin_multiplexer "rsp_xbar_mux"
Info: Reusing file /home/dhola/Mastrer_Thesis/MULTICORE/MULTICORE_SOBEL/synthesis/submodules/altera_merlin_arbitrator.sv
Info: rsp_xbar_mux_001: "MULTICORE_SOBEL" instantiated altera_merlin_multiplexer "rsp_xbar_mux_001"
Info: Reusing file /home/dhola/Mastrer_Thesis/MULTICORE/MULTICORE_SOBEL/synthesis/submodules/altera_merlin_arbitrator.sv
Info: irq_mapper: "MULTICORE_SOBEL" instantiated altera_irq_mapper "irq_mapper"
Info: MULTICORE_SOBEL: Done MULTICORE_SOBEL" with 23 modules, 66 files, 1146778 bytes
Info: ip-generate succeeded.
Info: Finished: Create HDL design files for synthesis
