Flow report for TOP
Wed Nov 23 14:59:01 2016
Quartus II 32-bit Version 12.1 Build 177 11/07/2012 SJ Full Version


---------------------
; Table of Contents ;
---------------------
  1. Legal Notice
  2. Flow Summary
  3. Flow Settings
  4. Flow Non-Default Global Settings
  5. Flow Elapsed Time
  6. Flow OS Summary
  7. Flow Log



----------------
; Legal Notice ;
----------------
Copyright (C) 1991-2012 Altera Corporation
Your use of Altera Corporation's design tools, logic functions 
and other software and tools, and its AMPP partner logic 
functions, and any output files from any of the foregoing 
(including device programming or simulation files), and any 
associated documentation or information are expressly subject 
to the terms and conditions of the Altera Program License 
Subscription Agreement, Altera MegaCore Function License 
Agreement, or other applicable license agreement, including, 
without limitation, that your use is for the sole purpose of 
programming logic devices manufactured by Altera and sold by 
Altera or its authorized distributors.  Please refer to the 
applicable agreement for further details.



+--------------------------------------------------------------------------------+
; Flow Summary                                                                   ;
+------------------------------------+-------------------------------------------+
; Flow Status                        ; Successful - Wed Nov 23 14:59:01 2016     ;
; Quartus II 32-bit Version          ; 12.1 Build 177 11/07/2012 SJ Full Version ;
; Revision Name                      ; TOP                                       ;
; Top-level Entity Name              ; Top                                       ;
; Family                             ; Cyclone IV E                              ;
; Device                             ; EP4CE115F29C7                             ;
; Timing Models                      ; Final                                     ;
; Total logic elements               ; 9,417 / 114,480 ( 8 % )                   ;
;     Total combinational functions  ; 8,278 / 114,480 ( 7 % )                   ;
;     Dedicated logic registers      ; 5,319 / 114,480 ( 5 % )                   ;
; Total registers                    ; 5438                                      ;
; Total pins                         ; 59 / 529 ( 11 % )                         ;
; Total virtual pins                 ; 0                                         ;
; Total memory bits                  ; 45,056 / 3,981,312 ( 1 % )                ;
; Embedded Multiplier 9-bit elements ; 0 / 532 ( 0 % )                           ;
; Total PLLs                         ; 1 / 4 ( 25 % )                            ;
+------------------------------------+-------------------------------------------+


+-----------------------------------------+
; Flow Settings                           ;
+-------------------+---------------------+
; Option            ; Setting             ;
+-------------------+---------------------+
; Start date & time ; 11/23/2016 14:54:58 ;
; Main task         ; Compilation         ;
; Revision Name     ; TOP                 ;
+-------------------+---------------------+


+------------------------------------------------------------------------------------------------------------------------------------------------------------------------------------------------------------+
; Flow Non-Default Global Settings                                                                                                                                                                           ;
+-------------------------------------+-------------------------------------------------------------------+---------------+-----------------------------------------------------------------+----------------+
; Assignment Name                     ; Value                                                             ; Default Value ; Entity Name                                                     ; Section Id     ;
+-------------------------------------+-------------------------------------------------------------------+---------------+-----------------------------------------------------------------+----------------+
; COMPILER_SIGNATURE_ID               ; 48549627244277.147990929706596                                    ; --            ; --                                                              ; --             ;
; EDA_OUTPUT_DATA_FORMAT              ; Vhdl                                                              ; --            ; --                                                              ; eda_simulation ;
; EDA_SIMULATION_TOOL                 ; ModelSim-Altera (VHDL)                                            ; <None>        ; --                                                              ; --             ;
; IP_TOOL_ENV                         ; qsys                                                              ; --            ; MULTICORE_SOBEL                                                 ; --             ;
; IP_TOOL_ENV                         ; qsys                                                              ; --            ; MULTICORE_SOBEL_CPU_1                                           ; --             ;
; IP_TOOL_ENV                         ; qsys                                                              ; --            ; MULTICORE_SOBEL_CPU_2                                           ; --             ;
; IP_TOOL_ENV                         ; qsys                                                              ; --            ; MULTICORE_SOBEL_CPU_3                                           ; --             ;
; IP_TOOL_ENV                         ; qsys                                                              ; --            ; MULTICORE_SOBEL_CPU_TOP                                         ; --             ;
; IP_TOOL_ENV                         ; qsys                                                              ; --            ; MULTICORE_SOBEL_CPU_TOP_custom_instruction_master_comb_xconnect ; --             ;
; IP_TOOL_ENV                         ; qsys                                                              ; --            ; MULTICORE_SOBEL_addr_router                                     ; --             ;
; IP_TOOL_ENV                         ; qsys                                                              ; --            ; MULTICORE_SOBEL_addr_router_001                                 ; --             ;
; IP_TOOL_ENV                         ; qsys                                                              ; --            ; MULTICORE_SOBEL_addr_router_002                                 ; --             ;
; IP_TOOL_ENV                         ; qsys                                                              ; --            ; MULTICORE_SOBEL_addr_router_003                                 ; --             ;
; IP_TOOL_ENV                         ; qsys                                                              ; --            ; MULTICORE_SOBEL_addr_router_004                                 ; --             ;
; IP_TOOL_ENV                         ; qsys                                                              ; --            ; MULTICORE_SOBEL_addr_router_005                                 ; --             ;
; IP_TOOL_ENV                         ; qsys                                                              ; --            ; MULTICORE_SOBEL_addr_router_006                                 ; --             ;
; IP_TOOL_ENV                         ; qsys                                                              ; --            ; MULTICORE_SOBEL_addr_router_007                                 ; --             ;
; IP_TOOL_ENV                         ; qsys                                                              ; --            ; MULTICORE_SOBEL_addr_router_008                                 ; --             ;
; IP_TOOL_ENV                         ; qsys                                                              ; --            ; MULTICORE_SOBEL_cmd_xbar_demux                                  ; --             ;
; IP_TOOL_ENV                         ; qsys                                                              ; --            ; MULTICORE_SOBEL_cmd_xbar_demux_001                              ; --             ;
; IP_TOOL_ENV                         ; qsys                                                              ; --            ; MULTICORE_SOBEL_cmd_xbar_demux_002                              ; --             ;
; IP_TOOL_ENV                         ; qsys                                                              ; --            ; MULTICORE_SOBEL_cmd_xbar_demux_003                              ; --             ;
; IP_TOOL_ENV                         ; qsys                                                              ; --            ; MULTICORE_SOBEL_cmd_xbar_demux_008                              ; --             ;
; IP_TOOL_ENV                         ; qsys                                                              ; --            ; MULTICORE_SOBEL_cmd_xbar_mux                                    ; --             ;
; IP_TOOL_ENV                         ; qsys                                                              ; --            ; MULTICORE_SOBEL_cmd_xbar_mux_001                                ; --             ;
; IP_TOOL_ENV                         ; qsys                                                              ; --            ; MULTICORE_SOBEL_cmd_xbar_mux_002                                ; --             ;
; IP_TOOL_ENV                         ; qsys                                                              ; --            ; MULTICORE_SOBEL_cmd_xbar_mux_009                                ; --             ;
; IP_TOOL_ENV                         ; qsys                                                              ; --            ; MULTICORE_SOBEL_cmd_xbar_mux_014                                ; --             ;
; IP_TOOL_ENV                         ; qsys                                                              ; --            ; MULTICORE_SOBEL_id_router                                       ; --             ;
; IP_TOOL_ENV                         ; qsys                                                              ; --            ; MULTICORE_SOBEL_id_router_001                                   ; --             ;
; IP_TOOL_ENV                         ; qsys                                                              ; --            ; MULTICORE_SOBEL_id_router_002                                   ; --             ;
; IP_TOOL_ENV                         ; qsys                                                              ; --            ; MULTICORE_SOBEL_id_router_003                                   ; --             ;
; IP_TOOL_ENV                         ; qsys                                                              ; --            ; MULTICORE_SOBEL_id_router_006                                   ; --             ;
; IP_TOOL_ENV                         ; qsys                                                              ; --            ; MULTICORE_SOBEL_id_router_007                                   ; --             ;
; IP_TOOL_ENV                         ; qsys                                                              ; --            ; MULTICORE_SOBEL_id_router_008                                   ; --             ;
; IP_TOOL_ENV                         ; qsys                                                              ; --            ; MULTICORE_SOBEL_id_router_009                                   ; --             ;
; IP_TOOL_ENV                         ; qsys                                                              ; --            ; MULTICORE_SOBEL_id_router_010                                   ; --             ;
; IP_TOOL_ENV                         ; qsys                                                              ; --            ; MULTICORE_SOBEL_id_router_011                                   ; --             ;
; IP_TOOL_ENV                         ; qsys                                                              ; --            ; MULTICORE_SOBEL_id_router_012                                   ; --             ;
; IP_TOOL_ENV                         ; qsys                                                              ; --            ; MULTICORE_SOBEL_id_router_013                                   ; --             ;
; IP_TOOL_ENV                         ; qsys                                                              ; --            ; MULTICORE_SOBEL_id_router_014                                   ; --             ;
; IP_TOOL_ENV                         ; qsys                                                              ; --            ; MULTICORE_SOBEL_irq_mapper                                      ; --             ;
; IP_TOOL_ENV                         ; qsys                                                              ; --            ; MULTICORE_SOBEL_jtag_uart_0                                     ; --             ;
; IP_TOOL_ENV                         ; qsys                                                              ; --            ; MULTICORE_SOBEL_performance_counter_0                           ; --             ;
; IP_TOOL_ENV                         ; qsys                                                              ; --            ; MULTICORE_SOBEL_rsp_xbar_demux_001                              ; --             ;
; IP_TOOL_ENV                         ; qsys                                                              ; --            ; MULTICORE_SOBEL_rsp_xbar_demux_002                              ; --             ;
; IP_TOOL_ENV                         ; qsys                                                              ; --            ; MULTICORE_SOBEL_rsp_xbar_demux_003                              ; --             ;
; IP_TOOL_ENV                         ; qsys                                                              ; --            ; MULTICORE_SOBEL_rsp_xbar_demux_009                              ; --             ;
; IP_TOOL_ENV                         ; qsys                                                              ; --            ; MULTICORE_SOBEL_rsp_xbar_demux_014                              ; --             ;
; IP_TOOL_ENV                         ; qsys                                                              ; --            ; MULTICORE_SOBEL_rsp_xbar_mux                                    ; --             ;
; IP_TOOL_ENV                         ; qsys                                                              ; --            ; MULTICORE_SOBEL_rsp_xbar_mux_001                                ; --             ;
; IP_TOOL_ENV                         ; qsys                                                              ; --            ; MULTICORE_SOBEL_rsp_xbar_mux_002                                ; --             ;
; IP_TOOL_ENV                         ; qsys                                                              ; --            ; MULTICORE_SOBEL_rsp_xbar_mux_003                                ; --             ;
; IP_TOOL_ENV                         ; qsys                                                              ; --            ; MULTICORE_SOBEL_sdram_0                                         ; --             ;
; IP_TOOL_ENV                         ; qsys                                                              ; --            ; MULTICORE_SOBEL_sysid_qsys_0                                    ; --             ;
; IP_TOOL_ENV                         ; qsys                                                              ; --            ; altera_avalon_mm_bridge                                         ; --             ;
; IP_TOOL_ENV                         ; qsys                                                              ; --            ; altera_avalon_sc_fifo                                           ; --             ;
; IP_TOOL_ENV                         ; qsys                                                              ; --            ; altera_customins_master_translator                              ; --             ;
; IP_TOOL_ENV                         ; qsys                                                              ; --            ; altera_customins_slave_translator                               ; --             ;
; IP_TOOL_ENV                         ; qsys                                                              ; --            ; altera_merlin_master_agent                                      ; --             ;
; IP_TOOL_ENV                         ; qsys                                                              ; --            ; altera_merlin_master_translator                                 ; --             ;
; IP_TOOL_ENV                         ; qsys                                                              ; --            ; altera_merlin_slave_agent                                       ; --             ;
; IP_TOOL_ENV                         ; qsys                                                              ; --            ; altera_merlin_slave_translator                                  ; --             ;
; IP_TOOL_ENV                         ; qsys                                                              ; --            ; altera_reset_controller                                         ; --             ;
; IP_TOOL_NAME                        ; ALTPLL                                                            ; --            ; --                                                              ; --             ;
; IP_TOOL_NAME                        ; qsys                                                              ; --            ; MULTICORE_SOBEL                                                 ; --             ;
; IP_TOOL_NAME                        ; altera_nios2_qsys                                                 ; --            ; MULTICORE_SOBEL_CPU_1                                           ; --             ;
; IP_TOOL_NAME                        ; altera_nios2_qsys                                                 ; --            ; MULTICORE_SOBEL_CPU_2                                           ; --             ;
; IP_TOOL_NAME                        ; altera_nios2_qsys                                                 ; --            ; MULTICORE_SOBEL_CPU_3                                           ; --             ;
; IP_TOOL_NAME                        ; altera_nios2_qsys                                                 ; --            ; MULTICORE_SOBEL_CPU_TOP                                         ; --             ;
; IP_TOOL_NAME                        ; altera_customins_xconnect                                         ; --            ; MULTICORE_SOBEL_CPU_TOP_custom_instruction_master_comb_xconnect ; --             ;
; IP_TOOL_NAME                        ; altera_merlin_router                                              ; --            ; MULTICORE_SOBEL_addr_router                                     ; --             ;
; IP_TOOL_NAME                        ; altera_merlin_router                                              ; --            ; MULTICORE_SOBEL_addr_router_001                                 ; --             ;
; IP_TOOL_NAME                        ; altera_merlin_router                                              ; --            ; MULTICORE_SOBEL_addr_router_002                                 ; --             ;
; IP_TOOL_NAME                        ; altera_merlin_router                                              ; --            ; MULTICORE_SOBEL_addr_router_003                                 ; --             ;
; IP_TOOL_NAME                        ; altera_merlin_router                                              ; --            ; MULTICORE_SOBEL_addr_router_004                                 ; --             ;
; IP_TOOL_NAME                        ; altera_merlin_router                                              ; --            ; MULTICORE_SOBEL_addr_router_005                                 ; --             ;
; IP_TOOL_NAME                        ; altera_merlin_router                                              ; --            ; MULTICORE_SOBEL_addr_router_006                                 ; --             ;
; IP_TOOL_NAME                        ; altera_merlin_router                                              ; --            ; MULTICORE_SOBEL_addr_router_007                                 ; --             ;
; IP_TOOL_NAME                        ; altera_merlin_router                                              ; --            ; MULTICORE_SOBEL_addr_router_008                                 ; --             ;
; IP_TOOL_NAME                        ; altera_merlin_demultiplexer                                       ; --            ; MULTICORE_SOBEL_cmd_xbar_demux                                  ; --             ;
; IP_TOOL_NAME                        ; altera_merlin_demultiplexer                                       ; --            ; MULTICORE_SOBEL_cmd_xbar_demux_001                              ; --             ;
; IP_TOOL_NAME                        ; altera_merlin_demultiplexer                                       ; --            ; MULTICORE_SOBEL_cmd_xbar_demux_002                              ; --             ;
; IP_TOOL_NAME                        ; altera_merlin_demultiplexer                                       ; --            ; MULTICORE_SOBEL_cmd_xbar_demux_003                              ; --             ;
; IP_TOOL_NAME                        ; altera_merlin_demultiplexer                                       ; --            ; MULTICORE_SOBEL_cmd_xbar_demux_008                              ; --             ;
; IP_TOOL_NAME                        ; altera_merlin_multiplexer                                         ; --            ; MULTICORE_SOBEL_cmd_xbar_mux                                    ; --             ;
; IP_TOOL_NAME                        ; altera_merlin_multiplexer                                         ; --            ; MULTICORE_SOBEL_cmd_xbar_mux_001                                ; --             ;
; IP_TOOL_NAME                        ; altera_merlin_multiplexer                                         ; --            ; MULTICORE_SOBEL_cmd_xbar_mux_002                                ; --             ;
; IP_TOOL_NAME                        ; altera_merlin_multiplexer                                         ; --            ; MULTICORE_SOBEL_cmd_xbar_mux_009                                ; --             ;
; IP_TOOL_NAME                        ; altera_merlin_multiplexer                                         ; --            ; MULTICORE_SOBEL_cmd_xbar_mux_014                                ; --             ;
; IP_TOOL_NAME                        ; altera_merlin_router                                              ; --            ; MULTICORE_SOBEL_id_router                                       ; --             ;
; IP_TOOL_NAME                        ; altera_merlin_router                                              ; --            ; MULTICORE_SOBEL_id_router_001                                   ; --             ;
; IP_TOOL_NAME                        ; altera_merlin_router                                              ; --            ; MULTICORE_SOBEL_id_router_002                                   ; --             ;
; IP_TOOL_NAME                        ; altera_merlin_router                                              ; --            ; MULTICORE_SOBEL_id_router_003                                   ; --             ;
; IP_TOOL_NAME                        ; altera_merlin_router                                              ; --            ; MULTICORE_SOBEL_id_router_006                                   ; --             ;
; IP_TOOL_NAME                        ; altera_merlin_router                                              ; --            ; MULTICORE_SOBEL_id_router_007                                   ; --             ;
; IP_TOOL_NAME                        ; altera_merlin_router                                              ; --            ; MULTICORE_SOBEL_id_router_008                                   ; --             ;
; IP_TOOL_NAME                        ; altera_merlin_router                                              ; --            ; MULTICORE_SOBEL_id_router_009                                   ; --             ;
; IP_TOOL_NAME                        ; altera_merlin_router                                              ; --            ; MULTICORE_SOBEL_id_router_010                                   ; --             ;
; IP_TOOL_NAME                        ; altera_merlin_router                                              ; --            ; MULTICORE_SOBEL_id_router_011                                   ; --             ;
; IP_TOOL_NAME                        ; altera_merlin_router                                              ; --            ; MULTICORE_SOBEL_id_router_012                                   ; --             ;
; IP_TOOL_NAME                        ; altera_merlin_router                                              ; --            ; MULTICORE_SOBEL_id_router_013                                   ; --             ;
; IP_TOOL_NAME                        ; altera_merlin_router                                              ; --            ; MULTICORE_SOBEL_id_router_014                                   ; --             ;
; IP_TOOL_NAME                        ; altera_irq_mapper                                                 ; --            ; MULTICORE_SOBEL_irq_mapper                                      ; --             ;
; IP_TOOL_NAME                        ; altera_avalon_jtag_uart                                           ; --            ; MULTICORE_SOBEL_jtag_uart_0                                     ; --             ;
; IP_TOOL_NAME                        ; altera_avalon_performance_counter                                 ; --            ; MULTICORE_SOBEL_performance_counter_0                           ; --             ;
; IP_TOOL_NAME                        ; altera_merlin_demultiplexer                                       ; --            ; MULTICORE_SOBEL_rsp_xbar_demux_001                              ; --             ;
; IP_TOOL_NAME                        ; altera_merlin_demultiplexer                                       ; --            ; MULTICORE_SOBEL_rsp_xbar_demux_002                              ; --             ;
; IP_TOOL_NAME                        ; altera_merlin_demultiplexer                                       ; --            ; MULTICORE_SOBEL_rsp_xbar_demux_003                              ; --             ;
; IP_TOOL_NAME                        ; altera_merlin_demultiplexer                                       ; --            ; MULTICORE_SOBEL_rsp_xbar_demux_009                              ; --             ;
; IP_TOOL_NAME                        ; altera_merlin_demultiplexer                                       ; --            ; MULTICORE_SOBEL_rsp_xbar_demux_014                              ; --             ;
; IP_TOOL_NAME                        ; altera_merlin_multiplexer                                         ; --            ; MULTICORE_SOBEL_rsp_xbar_mux                                    ; --             ;
; IP_TOOL_NAME                        ; altera_merlin_multiplexer                                         ; --            ; MULTICORE_SOBEL_rsp_xbar_mux_001                                ; --             ;
; IP_TOOL_NAME                        ; altera_merlin_multiplexer                                         ; --            ; MULTICORE_SOBEL_rsp_xbar_mux_002                                ; --             ;
; IP_TOOL_NAME                        ; altera_merlin_multiplexer                                         ; --            ; MULTICORE_SOBEL_rsp_xbar_mux_003                                ; --             ;
; IP_TOOL_NAME                        ; altera_avalon_new_sdram_controller                                ; --            ; MULTICORE_SOBEL_sdram_0                                         ; --             ;
; IP_TOOL_NAME                        ; altera_avalon_sysid_qsys                                          ; --            ; MULTICORE_SOBEL_sysid_qsys_0                                    ; --             ;
; IP_TOOL_NAME                        ; altera_avalon_mm_bridge                                           ; --            ; altera_avalon_mm_bridge                                         ; --             ;
; IP_TOOL_NAME                        ; altera_avalon_sc_fifo                                             ; --            ; altera_avalon_sc_fifo                                           ; --             ;
; IP_TOOL_NAME                        ; altera_customins_master_translator                                ; --            ; altera_customins_master_translator                              ; --             ;
; IP_TOOL_NAME                        ; altera_customins_slave_translator                                 ; --            ; altera_customins_slave_translator                               ; --             ;
; IP_TOOL_NAME                        ; altera_merlin_master_agent                                        ; --            ; altera_merlin_master_agent                                      ; --             ;
; IP_TOOL_NAME                        ; altera_merlin_master_translator                                   ; --            ; altera_merlin_master_translator                                 ; --             ;
; IP_TOOL_NAME                        ; altera_merlin_slave_agent                                         ; --            ; altera_merlin_slave_agent                                       ; --             ;
; IP_TOOL_NAME                        ; altera_merlin_slave_translator                                    ; --            ; altera_merlin_slave_translator                                  ; --             ;
; IP_TOOL_NAME                        ; altera_reset_controller                                           ; --            ; altera_reset_controller                                         ; --             ;
; IP_TOOL_VERSION                     ; 12.1                                                              ; --            ; --                                                              ; --             ;
; IP_TOOL_VERSION                     ; 12.1                                                              ; --            ; MULTICORE_SOBEL                                                 ; --             ;
; IP_TOOL_VERSION                     ; 12.1                                                              ; --            ; MULTICORE_SOBEL_CPU_1                                           ; --             ;
; IP_TOOL_VERSION                     ; 12.1                                                              ; --            ; MULTICORE_SOBEL_CPU_2                                           ; --             ;
; IP_TOOL_VERSION                     ; 12.1                                                              ; --            ; MULTICORE_SOBEL_CPU_3                                           ; --             ;
; IP_TOOL_VERSION                     ; 12.1                                                              ; --            ; MULTICORE_SOBEL_CPU_TOP                                         ; --             ;
; IP_TOOL_VERSION                     ; 12.1                                                              ; --            ; MULTICORE_SOBEL_CPU_TOP_custom_instruction_master_comb_xconnect ; --             ;
; IP_TOOL_VERSION                     ; 12.1                                                              ; --            ; MULTICORE_SOBEL_addr_router                                     ; --             ;
; IP_TOOL_VERSION                     ; 12.1                                                              ; --            ; MULTICORE_SOBEL_addr_router_001                                 ; --             ;
; IP_TOOL_VERSION                     ; 12.1                                                              ; --            ; MULTICORE_SOBEL_addr_router_002                                 ; --             ;
; IP_TOOL_VERSION                     ; 12.1                                                              ; --            ; MULTICORE_SOBEL_addr_router_003                                 ; --             ;
; IP_TOOL_VERSION                     ; 12.1                                                              ; --            ; MULTICORE_SOBEL_addr_router_004                                 ; --             ;
; IP_TOOL_VERSION                     ; 12.1                                                              ; --            ; MULTICORE_SOBEL_addr_router_005                                 ; --             ;
; IP_TOOL_VERSION                     ; 12.1                                                              ; --            ; MULTICORE_SOBEL_addr_router_006                                 ; --             ;
; IP_TOOL_VERSION                     ; 12.1                                                              ; --            ; MULTICORE_SOBEL_addr_router_007                                 ; --             ;
; IP_TOOL_VERSION                     ; 12.1                                                              ; --            ; MULTICORE_SOBEL_addr_router_008                                 ; --             ;
; IP_TOOL_VERSION                     ; 12.1                                                              ; --            ; MULTICORE_SOBEL_cmd_xbar_demux                                  ; --             ;
; IP_TOOL_VERSION                     ; 12.1                                                              ; --            ; MULTICORE_SOBEL_cmd_xbar_demux_001                              ; --             ;
; IP_TOOL_VERSION                     ; 12.1                                                              ; --            ; MULTICORE_SOBEL_cmd_xbar_demux_002                              ; --             ;
; IP_TOOL_VERSION                     ; 12.1                                                              ; --            ; MULTICORE_SOBEL_cmd_xbar_demux_003                              ; --             ;
; IP_TOOL_VERSION                     ; 12.1                                                              ; --            ; MULTICORE_SOBEL_cmd_xbar_demux_008                              ; --             ;
; IP_TOOL_VERSION                     ; 12.1                                                              ; --            ; MULTICORE_SOBEL_cmd_xbar_mux                                    ; --             ;
; IP_TOOL_VERSION                     ; 12.1                                                              ; --            ; MULTICORE_SOBEL_cmd_xbar_mux_001                                ; --             ;
; IP_TOOL_VERSION                     ; 12.1                                                              ; --            ; MULTICORE_SOBEL_cmd_xbar_mux_002                                ; --             ;
; IP_TOOL_VERSION                     ; 12.1                                                              ; --            ; MULTICORE_SOBEL_cmd_xbar_mux_009                                ; --             ;
; IP_TOOL_VERSION                     ; 12.1                                                              ; --            ; MULTICORE_SOBEL_cmd_xbar_mux_014                                ; --             ;
; IP_TOOL_VERSION                     ; 12.1                                                              ; --            ; MULTICORE_SOBEL_id_router                                       ; --             ;
; IP_TOOL_VERSION                     ; 12.1                                                              ; --            ; MULTICORE_SOBEL_id_router_001                                   ; --             ;
; IP_TOOL_VERSION                     ; 12.1                                                              ; --            ; MULTICORE_SOBEL_id_router_002                                   ; --             ;
; IP_TOOL_VERSION                     ; 12.1                                                              ; --            ; MULTICORE_SOBEL_id_router_003                                   ; --             ;
; IP_TOOL_VERSION                     ; 12.1                                                              ; --            ; MULTICORE_SOBEL_id_router_006                                   ; --             ;
; IP_TOOL_VERSION                     ; 12.1                                                              ; --            ; MULTICORE_SOBEL_id_router_007                                   ; --             ;
; IP_TOOL_VERSION                     ; 12.1                                                              ; --            ; MULTICORE_SOBEL_id_router_008                                   ; --             ;
; IP_TOOL_VERSION                     ; 12.1                                                              ; --            ; MULTICORE_SOBEL_id_router_009                                   ; --             ;
; IP_TOOL_VERSION                     ; 12.1                                                              ; --            ; MULTICORE_SOBEL_id_router_010                                   ; --             ;
; IP_TOOL_VERSION                     ; 12.1                                                              ; --            ; MULTICORE_SOBEL_id_router_011                                   ; --             ;
; IP_TOOL_VERSION                     ; 12.1                                                              ; --            ; MULTICORE_SOBEL_id_router_012                                   ; --             ;
; IP_TOOL_VERSION                     ; 12.1                                                              ; --            ; MULTICORE_SOBEL_id_router_013                                   ; --             ;
; IP_TOOL_VERSION                     ; 12.1                                                              ; --            ; MULTICORE_SOBEL_id_router_014                                   ; --             ;
; IP_TOOL_VERSION                     ; 12.1                                                              ; --            ; MULTICORE_SOBEL_irq_mapper                                      ; --             ;
; IP_TOOL_VERSION                     ; 12.1                                                              ; --            ; MULTICORE_SOBEL_jtag_uart_0                                     ; --             ;
; IP_TOOL_VERSION                     ; 12.1                                                              ; --            ; MULTICORE_SOBEL_performance_counter_0                           ; --             ;
; IP_TOOL_VERSION                     ; 12.1                                                              ; --            ; MULTICORE_SOBEL_rsp_xbar_demux_001                              ; --             ;
; IP_TOOL_VERSION                     ; 12.1                                                              ; --            ; MULTICORE_SOBEL_rsp_xbar_demux_002                              ; --             ;
; IP_TOOL_VERSION                     ; 12.1                                                              ; --            ; MULTICORE_SOBEL_rsp_xbar_demux_003                              ; --             ;
; IP_TOOL_VERSION                     ; 12.1                                                              ; --            ; MULTICORE_SOBEL_rsp_xbar_demux_009                              ; --             ;
; IP_TOOL_VERSION                     ; 12.1                                                              ; --            ; MULTICORE_SOBEL_rsp_xbar_demux_014                              ; --             ;
; IP_TOOL_VERSION                     ; 12.1                                                              ; --            ; MULTICORE_SOBEL_rsp_xbar_mux                                    ; --             ;
; IP_TOOL_VERSION                     ; 12.1                                                              ; --            ; MULTICORE_SOBEL_rsp_xbar_mux_001                                ; --             ;
; IP_TOOL_VERSION                     ; 12.1                                                              ; --            ; MULTICORE_SOBEL_rsp_xbar_mux_002                                ; --             ;
; IP_TOOL_VERSION                     ; 12.1                                                              ; --            ; MULTICORE_SOBEL_rsp_xbar_mux_003                                ; --             ;
; IP_TOOL_VERSION                     ; 12.1                                                              ; --            ; MULTICORE_SOBEL_sdram_0                                         ; --             ;
; IP_TOOL_VERSION                     ; 12.1                                                              ; --            ; MULTICORE_SOBEL_sysid_qsys_0                                    ; --             ;
; IP_TOOL_VERSION                     ; 12.1                                                              ; --            ; altera_avalon_mm_bridge                                         ; --             ;
; IP_TOOL_VERSION                     ; 12.1                                                              ; --            ; altera_avalon_sc_fifo                                           ; --             ;
; IP_TOOL_VERSION                     ; 12.1                                                              ; --            ; altera_customins_master_translator                              ; --             ;
; IP_TOOL_VERSION                     ; 12.1                                                              ; --            ; altera_customins_slave_translator                               ; --             ;
; IP_TOOL_VERSION                     ; 12.1                                                              ; --            ; altera_merlin_master_agent                                      ; --             ;
; IP_TOOL_VERSION                     ; 12.1                                                              ; --            ; altera_merlin_master_translator                                 ; --             ;
; IP_TOOL_VERSION                     ; 12.1                                                              ; --            ; altera_merlin_slave_agent                                       ; --             ;
; IP_TOOL_VERSION                     ; 12.1                                                              ; --            ; altera_merlin_slave_translator                                  ; --             ;
; IP_TOOL_VERSION                     ; 12.1                                                              ; --            ; altera_reset_controller                                         ; --             ;
; MAX_CORE_JUNCTION_TEMP              ; 85                                                                ; --            ; --                                                              ; --             ;
; MIN_CORE_JUNCTION_TEMP              ; 0                                                                 ; --            ; --                                                              ; --             ;
; MISC_FILE                           ; MULTICORE_SOBEL/synthesis/../../MULTICORE_SOBEL.cmp               ; --            ; --                                                              ; --             ;
; MISC_FILE                           ; MULTICORE_SOBEL/synthesis/../../MULTICORE_SOBEL.qsys              ; --            ; --                                                              ; --             ;
; MISC_FILE                           ; SDRAM_PLL.cmp                                                     ; --            ; --                                                              ; --             ;
; MISC_FILE                           ; SDRAM_PLL.ppf                                                     ; --            ; --                                                              ; --             ;
; NOMINAL_CORE_SUPPLY_VOLTAGE         ; 1.2V                                                              ; --            ; --                                                              ; --             ;
; PARTITION_COLOR                     ; 16764057                                                          ; --            ; --                                                              ; Top            ;
; PARTITION_FITTER_PRESERVATION_LEVEL ; PLACEMENT_AND_ROUTING                                             ; --            ; --                                                              ; Top            ;
; PARTITION_NETLIST_TYPE              ; SOURCE                                                            ; --            ; --                                                              ; Top            ;
; POWER_BOARD_THERMAL_MODEL           ; None (CONSERVATIVE)                                               ; --            ; --                                                              ; --             ;
; POWER_PRESET_COOLING_SOLUTION       ; 23 MM HEAT SINK WITH 200 LFPM AIRFLOW                             ; --            ; --                                                              ; --             ;
; PROJECT_OUTPUT_DIRECTORY            ; output_files                                                      ; --            ; --                                                              ; --             ;
; SLD_INFO                            ; QSYS_NAME MULTICORE_SOBEL HAS_SOPCINFO 1 GENERATION_ID 1479909137 ; --            ; MULTICORE_SOBEL                                                 ; --             ;
; SOPCINFO_FILE                       ; MULTICORE_SOBEL/synthesis/../../MULTICORE_SOBEL.sopcinfo          ; --            ; --                                                              ; --             ;
; SYNTHESIS_ONLY_QIP                  ; On                                                                ; --            ; --                                                              ; --             ;
+-------------------------------------+-------------------------------------------------------------------+---------------+-----------------------------------------------------------------+----------------+


+-------------------------------------------------------------------------------------------------------------------------------+
; Flow Elapsed Time                                                                                                             ;
+---------------------------+--------------+-------------------------+---------------------+------------------------------------+
; Module Name               ; Elapsed Time ; Average Processors Used ; Peak Virtual Memory ; Total CPU Time (on all processors) ;
+---------------------------+--------------+-------------------------+---------------------+------------------------------------+
; Analysis & Synthesis      ; 00:01:03     ; 1.0                     ; 519 MB              ; 00:00:57                           ;
; Fitter                    ; 00:02:05     ; 1.2                     ; 735 MB              ; 00:02:14                           ;
; Assembler                 ; 00:00:09     ; 1.0                     ; 370 MB              ; 00:00:08                           ;
; TimeQuest Timing Analyzer ; 00:00:12     ; 1.2                     ; 494 MB              ; 00:00:11                           ;
; EDA Netlist Writer        ; 00:00:18     ; 1.0                     ; 396 MB              ; 00:00:17                           ;
; Total                     ; 00:03:47     ; --                      ; --                  ; 00:03:47                           ;
+---------------------------+--------------+-------------------------+---------------------+------------------------------------+


+---------------------------------------------------------------------------------------------+
; Flow OS Summary                                                                             ;
+---------------------------+------------------+----------------+------------+----------------+
; Module Name               ; Machine Hostname ; OS Name        ; OS Version ; Processor type ;
+---------------------------+------------------+----------------+------------+----------------+
; Analysis & Synthesis      ; i80studpc16      ; Ubuntu 14.04.5 ; 14         ; x86_64         ;
; Fitter                    ; i80studpc16      ; Ubuntu 14.04.5 ; 14         ; x86_64         ;
; Assembler                 ; i80studpc16      ; Ubuntu 14.04.5 ; 14         ; x86_64         ;
; TimeQuest Timing Analyzer ; i80studpc16      ; Ubuntu 14.04.5 ; 14         ; x86_64         ;
; EDA Netlist Writer        ; i80studpc16      ; Ubuntu 14.04.5 ; 14         ; x86_64         ;
+---------------------------+------------------+----------------+------------+----------------+


------------
; Flow Log ;
------------
quartus_map --read_settings_files=on --write_settings_files=off MULTICORE_SOBEL -c TOP
quartus_fit --read_settings_files=off --write_settings_files=off MULTICORE_SOBEL -c TOP
quartus_asm --read_settings_files=off --write_settings_files=off MULTICORE_SOBEL -c TOP
quartus_sta MULTICORE_SOBEL -c TOP
quartus_eda --read_settings_files=off --write_settings_files=off MULTICORE_SOBEL -c TOP



